Using pre-set license
Built from '2020.3/staging' branch; Version is '2020.3.8f1 (507919d4fff5) revision 5273881'; Using compiler version '192528614'; Build Type 'Release'
OS: 'Windows 10 Pro; OS build 19043.1110; Version 2009; 64bit' Language: 'en' Physical Memory: 65405 MB
BatchMode: 1, IsHumanControllingUs: 0, StartBugReporterOnCrash: 0, Is64bit: 1, IsPro: 0

 COMMAND LINE ARGUMENTS:
C:\Program Files\Unity\Hub\Editor\2020.3.8f1\Editor\Unity.exe
-adb2
-batchMode
-noUpm
-name
AssetImportWorker0
-projectPath
C:/Users/Quinn/Git/BoardGameTest
-logFile
Logs/AssetImportWorker0.log
-srvPort
65109
Successfully changed project path to: C:/Users/Quinn/Git/BoardGameTest
C:/Users/Quinn/Git/BoardGameTest
Using Asset Import Pipeline V2.
Refreshing native plugins compatible for Editor in 32.35 ms, found 1 plugins.
Preloading 0 native plugins for Editor in 0.00 ms.
Initialize engine version: 2020.3.8f1 (507919d4fff5)
[Subsystems] Discovering subsystems at path C:/Program Files/Unity/Hub/Editor/2020.3.8f1/Editor/Data/Resources/UnitySubsystems
[Subsystems] Discovering subsystems at path C:/Users/Quinn/Git/BoardGameTest/Assets
GfxDevice: creating device client; threaded=0
Direct3D:
    Version:  Direct3D 11.0 [level 11.1]
    Renderer: NVIDIA GeForce RTX 3080 Laptop GPU (ID=0x249c)
    Vendor:   
    VRAM:     8042 MB
    Driver:   30.0.14.7141
Initialize mono
Mono path[0] = 'C:/Program Files/Unity/Hub/Editor/2020.3.8f1/Editor/Data/Managed'
Mono path[1] = 'C:/Program Files/Unity/Hub/Editor/2020.3.8f1/Editor/Data/MonoBleedingEdge/lib/mono/unityjit'
Mono config path = 'C:/Program Files/Unity/Hub/Editor/2020.3.8f1/Editor/Data/MonoBleedingEdge/etc'
Using monoOptions --debugger-agent=transport=dt_socket,embedding=1,server=y,suspend=n,address=127.0.0.1:56732
Begin MonoManager ReloadAssembly
Registering precompiled unity dll's ...
Register platform support module: C:/Program Files/Unity/Hub/Editor/2020.3.8f1/Editor/Data/PlaybackEngines/WebGLSupport/UnityEditor.WebGL.Extensions.dll
Register platform support module: C:/Program Files/Unity/Hub/Editor/2020.3.8f1/Editor/Data/PlaybackEngines/WindowsStandaloneSupport/UnityEditor.WindowsStandalone.Extensions.dll
Registered in 0.001768 seconds.
Native extension for WindowsStandalone target not found
Native extension for WebGL target not found
Refreshing native plugins compatible for Editor in 32.27 ms, found 1 plugins.
Preloading 0 native plugins for Editor in 0.00 ms.
Mono: successfully reloaded assembly
- Completed reload, in  0.939 seconds
Platform modules already initialized, skipping
Registering precompiled user dll's ...
Registered in 0.000790 seconds.
Begin MonoManager ReloadAssembly
Native extension for WindowsStandalone target not found
Native extension for WebGL target not found
Refreshing native plugins compatible for Editor in 32.51 ms, found 1 plugins.
Preloading 0 native plugins for Editor in 0.00 ms.
Mono: successfully reloaded assembly
- Completed reload, in  0.812 seconds
Platform modules already initialized, skipping
========================================================================
Worker process is ready to serve import requests
Launched and connected shader compiler UnityShaderCompiler.exe after 0.04 seconds
Refreshing native plugins compatible for Editor in 0.61 ms, found 1 plugins.
Preloading 0 native plugins for Editor in 0.00 ms.
Unloading 1808 Unused Serialized files (Serialized files now loaded: 0)
System memory in use before: 87.6 MB.
System memory in use after: 87.5 MB.

Unloading 24 unused Assets to reduce memory usage. Loaded Objects now: 2250.
Total: 2.096800 ms (FindLiveObjects: 0.135800 ms CreateObjectMapping: 0.049800 ms MarkObjects: 1.755500 ms  DeleteObjects: 0.154600 ms)

========================================================================
Received Import Request.
  path: Assets/Scripts
  artifactKey: Guid(b313bff79bc98e1419820f6428e667e7) Importer(815301076,1909f56bfc062723c751e8b465ee728b)
Start importing Assets/Scripts using Guid(b313bff79bc98e1419820f6428e667e7) Importer(815301076,1909f56bfc062723c751e8b465ee728b)  -> (artifact id: '3e94eeee43de5626be2dfe5e24b68d19') in 0.008007 seconds
  Import took 0.010321 seconds .

========================================================================
Received Import Request.
  Time since last request: 16.282838 seconds.
  path: Assets/Scripts/Space.cs
  artifactKey: Guid(1e68efd84a1213749969ac5f7b2698e4) Importer(815301076,1909f56bfc062723c751e8b465ee728b)
Start importing Assets/Scripts/Space.cs using Guid(1e68efd84a1213749969ac5f7b2698e4) Importer(815301076,1909f56bfc062723c751e8b465ee728b)  -> (artifact id: '2f7c58a74e95fa19806bc29bfab3b88c') in 0.074534 seconds
  Import took 0.076970 seconds .

========================================================================
Received Prepare
Registering precompiled user dll's ...
Registered in 0.000583 seconds.
Begin MonoManager ReloadAssembly
Native extension for WindowsStandalone target not found
Native extension for WebGL target not found
Refreshing native plugins compatible for Editor in 0.29 ms, found 1 plugins.
Preloading 0 native plugins for Editor in 0.00 ms.
Mono: successfully reloaded assembly
- Completed reload, in  0.730 seconds
Platform modules already initialized, skipping
Refreshing native plugins compatible for Editor in 0.42 ms, found 1 plugins.
Preloading 0 native plugins for Editor in 0.00 ms.
Unloading 1804 Unused Serialized files (Serialized files now loaded: 0)
System memory in use before: 87.5 MB.
System memory in use after: 87.5 MB.

Unloading 12 unused Assets to reduce memory usage. Loaded Objects now: 2255.
Total: 1.669200 ms (FindLiveObjects: 0.165500 ms CreateObjectMapping: 0.063100 ms MarkObjects: 1.358700 ms  DeleteObjects: 0.081000 ms)

========================================================================
Received Import Request.
  Time since last request: 546.018392 seconds.
  path: Assets/Scripts/Space.cs
  artifactKey: Guid(1e68efd84a1213749969ac5f7b2698e4) Importer(815301076,1909f56bfc062723c751e8b465ee728b)
Start importing Assets/Scripts/Space.cs using Guid(1e68efd84a1213749969ac5f7b2698e4) Importer(815301076,1909f56bfc062723c751e8b465ee728b)  -> (artifact id: '2f218296b6226de53d07b94ee6036aff') in 0.005319 seconds
  Import took 0.008480 seconds .

========================================================================
Received Import Request.
  Time since last request: 14.589260 seconds.
  path: Assets/Scripts/Rule.cs
  artifactKey: Guid(36c62172be4367849a7a32e4346cf627) Importer(815301076,1909f56bfc062723c751e8b465ee728b)
Start importing Assets/Scripts/Rule.cs using Guid(36c62172be4367849a7a32e4346cf627) Importer(815301076,1909f56bfc062723c751e8b465ee728b)  -> (artifact id: '7c5bc7e15f95f28bf6f555efcafc00fe') in 0.006820 seconds
  Import took 0.009896 seconds .

========================================================================
Received Prepare
Registering precompiled user dll's ...
Registered in 0.000701 seconds.
Begin MonoManager ReloadAssembly
Native extension for WindowsStandalone target not found
Native extension for WebGL target not found
Refreshing native plugins compatible for Editor in 0.30 ms, found 1 plugins.
Preloading 0 native plugins for Editor in 0.00 ms.
Mono: successfully reloaded assembly
- Completed reload, in  0.746 seconds
Platform modules already initialized, skipping
Refreshing native plugins compatible for Editor in 0.31 ms, found 1 plugins.
Preloading 0 native plugins for Editor in 0.00 ms.
Unloading 1805 Unused Serialized files (Serialized files now loaded: 0)
System memory in use before: 87.6 MB.
System memory in use after: 87.6 MB.

Unloading 12 unused Assets to reduce memory usage. Loaded Objects now: 2260.
Total: 1.793900 ms (FindLiveObjects: 0.190700 ms CreateObjectMapping: 0.062500 ms MarkObjects: 1.384900 ms  DeleteObjects: 0.155100 ms)

========================================================================
Received Prepare
Registering precompiled user dll's ...
Registered in 0.001031 seconds.
Begin MonoManager ReloadAssembly
Native extension for WindowsStandalone target not found
Native extension for WebGL target not found
Refreshing native plugins compatible for Editor in 0.29 ms, found 1 plugins.
Preloading 0 native plugins for Editor in 0.00 ms.
Mono: successfully reloaded assembly
- Completed reload, in  0.733 seconds
Platform modules already initialized, skipping
Refreshing native plugins compatible for Editor in 0.29 ms, found 1 plugins.
Preloading 0 native plugins for Editor in 0.00 ms.
Unloading 1805 Unused Serialized files (Serialized files now loaded: 0)
System memory in use before: 87.6 MB.
System memory in use after: 87.6 MB.

Unloading 12 unused Assets to reduce memory usage. Loaded Objects now: 2264.
Total: 1.636400 ms (FindLiveObjects: 0.138300 ms CreateObjectMapping: 0.053100 ms MarkObjects: 1.340400 ms  DeleteObjects: 0.103900 ms)

========================================================================
Received Import Request.
  Time since last request: 444.338650 seconds.
  path: Assets/Scripts/Rule.cs
  artifactKey: Guid(36c62172be4367849a7a32e4346cf627) Importer(815301076,1909f56bfc062723c751e8b465ee728b)
Start importing Assets/Scripts/Rule.cs using Guid(36c62172be4367849a7a32e4346cf627) Importer(815301076,1909f56bfc062723c751e8b465ee728b)  -> (artifact id: '8e2b7a160c7982eb9a9a0fc08f34be5d') in 0.005124 seconds
  Import took 0.007161 seconds .

========================================================================
Received Import Request.
  Time since last request: 65.432007 seconds.
  path: Assets/Scripts/DrawCard.cs
  artifactKey: Guid(e9c668ef5381c8a4797818109464e904) Importer(815301076,1909f56bfc062723c751e8b465ee728b)
Start importing Assets/Scripts/DrawCard.cs using Guid(e9c668ef5381c8a4797818109464e904) Importer(815301076,1909f56bfc062723c751e8b465ee728b)  -> (artifact id: '4464bdca047a80a3d08e610bc98e32ec') in 0.005326 seconds
  Import took 0.007803 seconds .

========================================================================
Received Prepare
Registering precompiled user dll's ...
Registered in 0.000620 seconds.
Begin MonoManager ReloadAssembly
Native extension for WindowsStandalone target not found
Native extension for WebGL target not found
Refreshing native plugins compatible for Editor in 0.30 ms, found 1 plugins.
Preloading 0 native plugins for Editor in 0.00 ms.
Mono: successfully reloaded assembly
- Completed reload, in  0.678 seconds
Platform modules already initialized, skipping
Refreshing native plugins compatible for Editor in 0.30 ms, found 1 plugins.
Preloading 0 native plugins for Editor in 0.00 ms.
Unloading 1806 Unused Serialized files (Serialized files now loaded: 0)
System memory in use before: 87.7 MB.
System memory in use after: 87.6 MB.

Unloading 12 unused Assets to reduce memory usage. Loaded Objects now: 2269.
Total: 1.520400 ms (FindLiveObjects: 0.144300 ms CreateObjectMapping: 0.053600 ms MarkObjects: 1.252000 ms  DeleteObjects: 0.069800 ms)

========================================================================
Received Import Request.
  Time since last request: 152.825392 seconds.
  path: Assets/Scripts/NewBehaviourScript.cs
  artifactKey: Guid(37d5543de18510a4d9cf6208d7967c28) Importer(815301076,1909f56bfc062723c751e8b465ee728b)
Start importing Assets/Scripts/NewBehaviourScript.cs using Guid(37d5543de18510a4d9cf6208d7967c28) Importer(815301076,1909f56bfc062723c751e8b465ee728b)  -> (artifact id: 'ab4c7c2ace855d14b360d8f2f56b2ff2') in 0.008330 seconds
  Import took 0.011995 seconds .

========================================================================
Received Prepare
Registering precompiled user dll's ...
Registered in 0.000599 seconds.
Begin MonoManager ReloadAssembly
Native extension for WindowsStandalone target not found
Native extension for WebGL target not found
Refreshing native plugins compatible for Editor in 0.30 ms, found 1 plugins.
Preloading 0 native plugins for Editor in 0.00 ms.
Mono: successfully reloaded assembly
- Completed reload, in  0.724 seconds
Platform modules already initialized, skipping
Refreshing native plugins compatible for Editor in 0.29 ms, found 1 plugins.
Preloading 0 native plugins for Editor in 0.00 ms.
Unloading 1807 Unused Serialized files (Serialized files now loaded: 0)
System memory in use before: 87.7 MB.
System memory in use after: 87.7 MB.

Unloading 12 unused Assets to reduce memory usage. Loaded Objects now: 2274.
Total: 1.696500 ms (FindLiveObjects: 0.151700 ms CreateObjectMapping: 0.057600 ms MarkObjects: 1.367600 ms  DeleteObjects: 0.119000 ms)

========================================================================
Received Import Request.
  Time since last request: 17.009489 seconds.
  path: Assets/Scripts/GainResource.cs
  artifactKey: Guid(37d5543de18510a4d9cf6208d7967c28) Importer(815301076,1909f56bfc062723c751e8b465ee728b)
Start importing Assets/Scripts/GainResource.cs using Guid(37d5543de18510a4d9cf6208d7967c28) Importer(815301076,1909f56bfc062723c751e8b465ee728b)  -> (artifact id: '95cf7bdf316018e7331b84936c9d307e') in 0.010914 seconds
  Import took 0.013861 seconds .

========================================================================
Received Prepare
Registering precompiled user dll's ...
Registered in 0.000618 seconds.
Begin MonoManager ReloadAssembly
Native extension for WindowsStandalone target not found
Native extension for WebGL target not found
Refreshing native plugins compatible for Editor in 0.31 ms, found 1 plugins.
Preloading 0 native plugins for Editor in 0.00 ms.
Mono: successfully reloaded assembly
- Completed reload, in  0.722 seconds
Platform modules already initialized, skipping
Refreshing native plugins compatible for Editor in 0.30 ms, found 1 plugins.
Preloading 0 native plugins for Editor in 0.00 ms.
Unloading 1807 Unused Serialized files (Serialized files now loaded: 0)
System memory in use before: 87.7 MB.
System memory in use after: 87.7 MB.

Unloading 12 unused Assets to reduce memory usage. Loaded Objects now: 2278.
Total: 1.921600 ms (FindLiveObjects: 0.185700 ms CreateObjectMapping: 0.152000 ms MarkObjects: 1.467300 ms  DeleteObjects: 0.115800 ms)

========================================================================
Received Import Request.
  Time since last request: 34.524295 seconds.
  path: Assets/Scripts/Market.cs
  artifactKey: Guid(d58b9bd4af88edd40b492f765fd62796) Importer(815301076,1909f56bfc062723c751e8b465ee728b)
Start importing Assets/Scripts/Market.cs using Guid(d58b9bd4af88edd40b492f765fd62796) Importer(815301076,1909f56bfc062723c751e8b465ee728b)  -> (artifact id: '4e46ee9f060b5d98e789c34f6fc96c3d') in 0.009307 seconds
  Import took 0.012123 seconds .

========================================================================
Received Prepare
Registering precompiled user dll's ...
Registered in 0.000734 seconds.
Begin MonoManager ReloadAssembly
Native extension for WindowsStandalone target not found
Native extension for WebGL target not found
Refreshing native plugins compatible for Editor in 0.32 ms, found 1 plugins.
Preloading 0 native plugins for Editor in 0.00 ms.
Mono: successfully reloaded assembly
- Completed reload, in  0.687 seconds
Platform modules already initialized, skipping
Refreshing native plugins compatible for Editor in 0.29 ms, found 1 plugins.
Preloading 0 native plugins for Editor in 0.00 ms.
Unloading 1808 Unused Serialized files (Serialized files now loaded: 0)
System memory in use before: 87.8 MB.
System memory in use after: 87.7 MB.

Unloading 12 unused Assets to reduce memory usage. Loaded Objects now: 2283.
Total: 1.516200 ms (FindLiveObjects: 0.148100 ms CreateObjectMapping: 0.054400 ms MarkObjects: 1.236600 ms  DeleteObjects: 0.076300 ms)

========================================================================
Received Import Request.
  Time since last request: 21.342424 seconds.
  path: Assets/Scripts/Teleport.cs
  artifactKey: Guid(f2c80124efe8f8546a23f4c26d85bda1) Importer(815301076,1909f56bfc062723c751e8b465ee728b)
Start importing Assets/Scripts/Teleport.cs using Guid(f2c80124efe8f8546a23f4c26d85bda1) Importer(815301076,1909f56bfc062723c751e8b465ee728b)  -> (artifact id: '33670723e532b22997a80c153d02b233') in 0.010011 seconds
  Import took 0.012811 seconds .

========================================================================
Received Prepare
Registering precompiled user dll's ...
Registered in 0.000621 seconds.
Begin MonoManager ReloadAssembly
Native extension for WindowsStandalone target not found
Native extension for WebGL target not found
Refreshing native plugins compatible for Editor in 0.31 ms, found 1 plugins.
Preloading 0 native plugins for Editor in 0.00 ms.
Mono: successfully reloaded assembly
- Completed reload, in  0.705 seconds
Platform modules already initialized, skipping
Refreshing native plugins compatible for Editor in 0.29 ms, found 1 plugins.
Preloading 0 native plugins for Editor in 0.00 ms.
Unloading 1809 Unused Serialized files (Serialized files now loaded: 0)
System memory in use before: 87.8 MB.
System memory in use after: 87.8 MB.

Unloading 12 unused Assets to reduce memory usage. Loaded Objects now: 2288.
Total: 1.590900 ms (FindLiveObjects: 0.214700 ms CreateObjectMapping: 0.077200 ms MarkObjects: 1.224900 ms  DeleteObjects: 0.073500 ms)

========================================================================
Received Import Request.
  Time since last request: 426.956393 seconds.
  path: Assets/Scripts/Bboard.cs
  artifactKey: Guid(4888870fc659cc1458b3939c7f86e64f) Importer(815301076,1909f56bfc062723c751e8b465ee728b)
Start importing Assets/Scripts/Bboard.cs using Guid(4888870fc659cc1458b3939c7f86e64f) Importer(815301076,1909f56bfc062723c751e8b465ee728b)  -> (artifact id: 'e22ccf3eae93b0461454d7f3fa4f9361') in 0.009772 seconds
  Import took 0.014076 seconds .

========================================================================
Received Prepare
Registering precompiled user dll's ...
Registered in 0.000602 seconds.
Begin MonoManager ReloadAssembly
Native extension for WindowsStandalone target not found
Native extension for WebGL target not found
Refreshing native plugins compatible for Editor in 0.31 ms, found 1 plugins.
Preloading 0 native plugins for Editor in 0.00 ms.
Mono: successfully reloaded assembly
- Completed reload, in  0.736 seconds
Platform modules already initialized, skipping
Refreshing native plugins compatible for Editor in 0.31 ms, found 1 plugins.
Preloading 0 native plugins for Editor in 0.00 ms.
Unloading 1810 Unused Serialized files (Serialized files now loaded: 0)
System memory in use before: 87.8 MB.
System memory in use after: 87.8 MB.

Unloading 12 unused Assets to reduce memory usage. Loaded Objects now: 2293.
Total: 1.652900 ms (FindLiveObjects: 0.132700 ms CreateObjectMapping: 0.049200 ms MarkObjects: 1.356700 ms  DeleteObjects: 0.113700 ms)

========================================================================
Received Import Request.
  Time since last request: 6.962016 seconds.
  path: Assets/Scripts/Board.cs
  artifactKey: Guid(4888870fc659cc1458b3939c7f86e64f) Importer(815301076,1909f56bfc062723c751e8b465ee728b)
Start importing Assets/Scripts/Board.cs using Guid(4888870fc659cc1458b3939c7f86e64f) Importer(815301076,1909f56bfc062723c751e8b465ee728b)  -> (artifact id: '725cbefdc4fccec510f949cf8fc42e28') in 0.009754 seconds
  Import took 0.012488 seconds .

========================================================================
Received Prepare
Registering precompiled user dll's ...
Registered in 0.000640 seconds.
Begin MonoManager ReloadAssembly
Native extension for WindowsStandalone target not found
Native extension for WebGL target not found
Refreshing native plugins compatible for Editor in 0.31 ms, found 1 plugins.
Preloading 0 native plugins for Editor in 0.00 ms.
Mono: successfully reloaded assembly
- Completed reload, in  0.731 seconds
Platform modules already initialized, skipping
Refreshing native plugins compatible for Editor in 0.29 ms, found 1 plugins.
Preloading 0 native plugins for Editor in 0.00 ms.
Unloading 1810 Unused Serialized files (Serialized files now loaded: 0)
System memory in use before: 87.8 MB.
System memory in use after: 87.8 MB.

Unloading 12 unused Assets to reduce memory usage. Loaded Objects now: 2297.
Total: 1.563600 ms (FindLiveObjects: 0.152400 ms CreateObjectMapping: 0.057200 ms MarkObjects: 1.272200 ms  DeleteObjects: 0.081200 ms)

========================================================================
Received Import Request.
  Time since last request: 672.969882 seconds.
  path: Assets/Scripts/GameManager.cs
  artifactKey: Guid(5d41dda56c83d1a4495f4e79a8328fa3) Importer(815301076,1909f56bfc062723c751e8b465ee728b)
Start importing Assets/Scripts/GameManager.cs using Guid(5d41dda56c83d1a4495f4e79a8328fa3) Importer(815301076,1909f56bfc062723c751e8b465ee728b)  -> (artifact id: 'bc8fe5d52817019e145ef5840a7570bc') in 0.009573 seconds
  Import took 0.014047 seconds .

========================================================================
Received Prepare
Registering precompiled user dll's ...
Registered in 0.000859 seconds.
Begin MonoManager ReloadAssembly
Native extension for WindowsStandalone target not found
Native extension for WebGL target not found
Refreshing native plugins compatible for Editor in 0.29 ms, found 1 plugins.
Preloading 0 native plugins for Editor in 0.00 ms.
Mono: successfully reloaded assembly
- Completed reload, in  0.739 seconds
Platform modules already initialized, skipping
Refreshing native plugins compatible for Editor in 0.29 ms, found 1 plugins.
Preloading 0 native plugins for Editor in 0.00 ms.
Unloading 1811 Unused Serialized files (Serialized files now loaded: 0)
System memory in use before: 87.9 MB.
System memory in use after: 87.8 MB.

Unloading 12 unused Assets to reduce memory usage. Loaded Objects now: 2302.
Total: 1.582400 ms (FindLiveObjects: 0.139500 ms CreateObjectMapping: 0.049500 ms MarkObjects: 1.274100 ms  DeleteObjects: 0.118500 ms)

========================================================================
Received Import Request.
  Time since last request: 101.789921 seconds.
  path: Assets/Scripts/Player.cs
  artifactKey: Guid(fffdf988228e29a46ada537832f659e0) Importer(815301076,1909f56bfc062723c751e8b465ee728b)
Start importing Assets/Scripts/Player.cs using Guid(fffdf988228e29a46ada537832f659e0) Importer(815301076,1909f56bfc062723c751e8b465ee728b)  -> (artifact id: '69c4400236d7b41fd939aaf004d0701b') in 0.009433 seconds
  Import took 0.013002 seconds .

========================================================================
Received Prepare
Registering precompiled user dll's ...
Registered in 0.000677 seconds.
Begin MonoManager ReloadAssembly
Native extension for WindowsStandalone target not found
Native extension for WebGL target not found
Refreshing native plugins compatible for Editor in 0.33 ms, found 1 plugins.
Preloading 0 native plugins for Editor in 0.00 ms.
Mono: successfully reloaded assembly
- Completed reload, in  0.751 seconds
Platform modules already initialized, skipping
Refreshing native plugins compatible for Editor in 0.30 ms, found 1 plugins.
Preloading 0 native plugins for Editor in 0.00 ms.
Unloading 1812 Unused Serialized files (Serialized files now loaded: 0)
System memory in use before: 87.9 MB.
System memory in use after: 87.9 MB.

Unloading 12 unused Assets to reduce memory usage. Loaded Objects now: 2307.
Total: 1.728900 ms (FindLiveObjects: 0.161100 ms CreateObjectMapping: 0.049300 ms MarkObjects: 1.406700 ms  DeleteObjects: 0.111100 ms)

========================================================================
Received Prepare
Registering precompiled user dll's ...
Registered in 0.000793 seconds.
Begin MonoManager ReloadAssembly
Native extension for WindowsStandalone target not found
Native extension for WebGL target not found
Refreshing native plugins compatible for Editor in 0.28 ms, found 1 plugins.
Preloading 0 native plugins for Editor in 0.00 ms.
Mono: successfully reloaded assembly
- Completed reload, in  0.700 seconds
Platform modules already initialized, skipping
Refreshing native plugins compatible for Editor in 0.29 ms, found 1 plugins.
Preloading 0 native plugins for Editor in 0.00 ms.
Unloading 1812 Unused Serialized files (Serialized files now loaded: 0)
System memory in use before: 87.9 MB.
System memory in use after: 87.9 MB.

Unloading 12 unused Assets to reduce memory usage. Loaded Objects now: 2311.
Total: 1.862900 ms (FindLiveObjects: 0.144800 ms CreateObjectMapping: 0.055500 ms MarkObjects: 1.468800 ms  DeleteObjects: 0.193200 ms)

========================================================================
Received Prepare
Registering precompiled user dll's ...
Registered in 0.000711 seconds.
Begin MonoManager ReloadAssembly
Native extension for WindowsStandalone target not found
Native extension for WebGL target not found
Refreshing native plugins compatible for Editor in 0.34 ms, found 1 plugins.
Preloading 0 native plugins for Editor in 0.00 ms.
Mono: successfully reloaded assembly
- Completed reload, in  0.696 seconds
Platform modules already initialized, skipping
Refreshing native plugins compatible for Editor in 0.30 ms, found 1 plugins.
Preloading 0 native plugins for Editor in 0.00 ms.
Unloading 1812 Unused Serialized files (Serialized files now loaded: 0)
System memory in use before: 87.9 MB.
System memory in use after: 87.9 MB.

Unloading 12 unused Assets to reduce memory usage. Loaded Objects now: 2315.
Total: 2.078100 ms (FindLiveObjects: 0.233000 ms CreateObjectMapping: 0.068300 ms MarkObjects: 1.616100 ms  DeleteObjects: 0.160000 ms)

========================================================================
Received Prepare
Registering precompiled user dll's ...
Registered in 0.000817 seconds.
Begin MonoManager ReloadAssembly
Native extension for WindowsStandalone target not found
Native extension for WebGL target not found
Refreshing native plugins compatible for Editor in 0.29 ms, found 1 plugins.
Preloading 0 native plugins for Editor in 0.00 ms.
Mono: successfully reloaded assembly
- Completed reload, in  0.714 seconds
Platform modules already initialized, skipping
Refreshing native plugins compatible for Editor in 0.29 ms, found 1 plugins.
Preloading 0 native plugins for Editor in 0.00 ms.
Unloading 1812 Unused Serialized files (Serialized files now loaded: 0)
System memory in use before: 87.9 MB.
System memory in use after: 87.9 MB.

Unloading 12 unused Assets to reduce memory usage. Loaded Objects now: 2319.
Total: 1.661800 ms (FindLiveObjects: 0.158800 ms CreateObjectMapping: 0.058100 ms MarkObjects: 1.365800 ms  DeleteObjects: 0.078400 ms)

========================================================================
Received Prepare
Registering precompiled user dll's ...
Registered in 0.000676 seconds.
Begin MonoManager ReloadAssembly
Native extension for WindowsStandalone target not found
Native extension for WebGL target not found
Refreshing native plugins compatible for Editor in 0.30 ms, found 1 plugins.
Preloading 0 native plugins for Editor in 0.00 ms.
Mono: successfully reloaded assembly
- Completed reload, in  0.696 seconds
Platform modules already initialized, skipping
Refreshing native plugins compatible for Editor in 0.34 ms, found 1 plugins.
Preloading 0 native plugins for Editor in 0.00 ms.
Unloading 1812 Unused Serialized files (Serialized files now loaded: 0)
System memory in use before: 87.9 MB.
System memory in use after: 87.9 MB.

Unloading 12 unused Assets to reduce memory usage. Loaded Objects now: 2323.
Total: 1.571700 ms (FindLiveObjects: 0.153500 ms CreateObjectMapping: 0.055300 ms MarkObjects: 1.277900 ms  DeleteObjects: 0.084200 ms)

========================================================================
Received Prepare
Registering precompiled user dll's ...
Registered in 0.000796 seconds.
Begin MonoManager ReloadAssembly
Native extension for WindowsStandalone target not found
Native extension for WebGL target not found
Refreshing native plugins compatible for Editor in 0.29 ms, found 1 plugins.
Preloading 0 native plugins for Editor in 0.00 ms.
Mono: successfully reloaded assembly
- Completed reload, in  0.686 seconds
Platform modules already initialized, skipping
Refreshing native plugins compatible for Editor in 0.30 ms, found 1 plugins.
Preloading 0 native plugins for Editor in 0.00 ms.
Unloading 1812 Unused Serialized files (Serialized files now loaded: 0)
System memory in use before: 87.9 MB.
System memory in use after: 87.9 MB.

Unloading 12 unused Assets to reduce memory usage. Loaded Objects now: 2327.
Total: 1.587600 ms (FindLiveObjects: 0.154700 ms CreateObjectMapping: 0.057000 ms MarkObjects: 1.279700 ms  DeleteObjects: 0.095500 ms)

========================================================================
Received Prepare
Registering precompiled user dll's ...
Registered in 0.001647 seconds.
Begin MonoManager ReloadAssembly
Native extension for WindowsStandalone target not found
Native extension for WebGL target not found
Refreshing native plugins compatible for Editor in 0.38 ms, found 1 plugins.
Preloading 0 native plugins for Editor in 0.00 ms.
Mono: successfully reloaded assembly
- Completed reload, in  0.757 seconds
Platform modules already initialized, skipping
Refreshing native plugins compatible for Editor in 0.30 ms, found 1 plugins.
Preloading 0 native plugins for Editor in 0.00 ms.
Unloading 1812 Unused Serialized files (Serialized files now loaded: 0)
System memory in use before: 87.9 MB.
System memory in use after: 87.9 MB.

Unloading 12 unused Assets to reduce memory usage. Loaded Objects now: 2331.
Total: 2.227800 ms (FindLiveObjects: 0.201700 ms CreateObjectMapping: 0.134000 ms MarkObjects: 1.790800 ms  DeleteObjects: 0.100100 ms)

========================================================================
Received Prepare
Registering precompiled user dll's ...
Registered in 0.034359 seconds.
Begin MonoManager ReloadAssembly
Native extension for WindowsStandalone target not found
Native extension for WebGL target not found
Refreshing native plugins compatible for Editor in 0.30 ms, found 1 plugins.
Preloading 0 native plugins for Editor in 0.00 ms.
Mono: successfully reloaded assembly
- Completed reload, in  0.671 seconds
Platform modules already initialized, skipping
Refreshing native plugins compatible for Editor in 0.31 ms, found 1 plugins.
Preloading 0 native plugins for Editor in 0.00 ms.
Unloading 1812 Unused Serialized files (Serialized files now loaded: 0)
System memory in use before: 88.0 MB.
System memory in use after: 87.9 MB.

Unloading 12 unused Assets to reduce memory usage. Loaded Objects now: 2335.
Total: 1.598700 ms (FindLiveObjects: 0.155000 ms CreateObjectMapping: 0.062600 ms MarkObjects: 1.300200 ms  DeleteObjects: 0.080200 ms)

========================================================================
Received Prepare
Registering precompiled user dll's ...
Registered in 0.001693 seconds.
Begin MonoManager ReloadAssembly
Native extension for WindowsStandalone target not found
Native extension for WebGL target not found
Refreshing native plugins compatible for Editor in 0.28 ms, found 1 plugins.
Preloading 0 native plugins for Editor in 0.00 ms.
Mono: successfully reloaded assembly
- Completed reload, in  0.701 seconds
Platform modules already initialized, skipping
Refreshing native plugins compatible for Editor in 0.34 ms, found 1 plugins.
Preloading 0 native plugins for Editor in 0.00 ms.
Unloading 1812 Unused Serialized files (Serialized files now loaded: 0)
System memory in use before: 88.0 MB.
System memory in use after: 87.9 MB.

Unloading 12 unused Assets to reduce memory usage. Loaded Objects now: 2339.
Total: 1.598300 ms (FindLiveObjects: 0.169800 ms CreateObjectMapping: 0.057500 ms MarkObjects: 1.288900 ms  DeleteObjects: 0.081300 ms)

========================================================================
Received Import Request.
  Time since last request: 101594.992100 seconds.
  path: Assets/Scripts/GameManager.cs
  artifactKey: Guid(5d41dda56c83d1a4495f4e79a8328fa3) Importer(815301076,1909f56bfc062723c751e8b465ee728b)
Start importing Assets/Scripts/GameManager.cs using Guid(5d41dda56c83d1a4495f4e79a8328fa3) Importer(815301076,1909f56bfc062723c751e8b465ee728b)  -> (artifact id: '2f7b88aaf340404a367e555c0ca330ca') in 0.008482 seconds
  Import took 0.010955 seconds .

========================================================================
Received Import Request.
  Time since last request: 0.023901 seconds.
  path: Assets/Scripts/GameManager.cs
  artifactKey: Guid(5d41dda56c83d1a4495f4e79a8328fa3) Importer(815301076,1909f56bfc062723c751e8b465ee728b)
Start importing Assets/Scripts/GameManager.cs using Guid(5d41dda56c83d1a4495f4e79a8328fa3) Importer(815301076,1909f56bfc062723c751e8b465ee728b)  -> (artifact id: '2f7b88aaf340404a367e555c0ca330ca') in 0.001975 seconds
  Import took 0.005334 seconds .

